

[33m╰(°ㅂ°)╯ ╰(°ㅂ°)╯ WELCOME TO YOUR WORKSTATION AUDITOR ╰(°ㅂ°)╯ ╰(°ㅂ°)╯╰(°ㅂ°)╯


Uptime: 1:16 1


Current users:
 NAME     LINE         TIME             COMMENT
junroo   :0           2021-03-22 21:26 (:0)

Recent logins:
 junroo   :0           :0               Mon Mar 22 21:26   still logged in
reboot   system boot  4.15.0-139-gener Mon Mar 22 21:26   still running
junroo   :0           :0               Mon Mar 22 15:40 - crash  (05:45)
reboot   system boot  4.15.0-139-gener Mon Mar 22 15:37   still running
junroo   :0           :0               Mon Mar 22 13:57 - crash  (01:40)
reboot   system boot  4.15.0-139-gener Mon Mar 22 13:56   still running
junroo   :0           :0               Sat Mar 20 19:46 - crash (1+18:10)
reboot   system boot  4.15.0-136-gener Sat Mar 20 19:45   still running
junroo   :0           :0               Fri Mar 12 23:23 - crash (7+20:22)
reboot   system boot  4.15.0-136-gener Fri Mar 12 23:23   still running
junroo   :0           :0               Wed Mar 10 12:14 - crash (2+11:08)
reboot   system boot  4.15.0-20-generi Wed Mar 10 12:13   still running

wtmp begins Wed Mar 10 12:13:11 2021

Memory usage:
               total        used        free      shared  buff/cache   available
Mem:           9405        1383        7105          33         916        7744
Swap:           472           0         472

fine, you have enough space (^・ω・^)


Top 10 processes by memory usage:
 junroo    1699  3.8  3.8 3243068 374888 tty2   Sl+  21:27   2:53 /usr/lib/firefox/firefox -contentproc -childID 2 -isForBrowser -prefsLen 174 -prefMapSize 231172 -parentBuildID 20210222142601 -appdir /usr/lib/firefox/browser 1602 true tab
junroo    1602  0.9  3.1 3159096 307096 tty2   Sl+  21:27   0:45 /usr/lib/firefox/firefox -new-window
junroo    1301  2.5  2.3 2958792 229972 tty2   Rl+  21:26   1:53 /usr/bin/gnome-shell
gdm        931  0.0  2.1 2919948 203584 tty1   Sl+  21:26   0:04 /usr/bin/gnome-shell
junroo    1789  0.0  1.6 1076028 163232 tty2   SLl+ 21:27   0:02 /usr/bin/gnome-software --gapplication-service
junroo    1722  0.0  1.1 2595456 107092 tty2   Sl+  21:27   0:01 /usr/lib/firefox/firefox -contentproc -childID 3 -isForBrowser -prefsLen 6175 -prefMapSize 231172 -parentBuildID 20210222142601 -appdir /usr/lib/firefox/browser 1602 true tab
junroo    1655  0.0  1.5 2629440 144656 tty2   Sl+  21:27   0:01 /usr/lib/firefox/firefox -contentproc -childID 1 -isForBrowser -prefsLen 1 -prefMapSize 231172 -parentBuildID 20210222142601 -appdir /usr/lib/firefox/browser 1602 true tab
whoopsie   814  0.0  0.1 462192 12560 ?        Ssl  21:26   0:00 /usr/bin/whoopsie -f
USER       PID %CPU %MEM    VSZ   RSS TTY      STAT START   TIME COMMAND
systemd+   308  0.0  0.0 146144  3424 ?        Ssl  21:26   0:00 /lib/systemd/systemd-timesyncd

Open TCP and UDP ports:
 Active Internet connections (only servers)
Proto Recv-Q Send-Q Local Address           Foreign Address         State      
tcp        0      0 localhost:domain        0.0.0.0:*               LISTEN     
tcp        0      0 localhost:ipp           0.0.0.0:*               LISTEN     
tcp6       0      0 ip6-localhost:ipp       [::]:*                  LISTEN     
udp        0      0 localhost:domain        0.0.0.0:*                          
udp        0      0 0.0.0.0:bootpc          0.0.0.0:*                          
udp        0      0 0.0.0.0:ipp             0.0.0.0:*                          
udp        0      0 0.0.0.0:mdns            0.0.0.0:*                          
udp        0      0 0.0.0.0:38486           0.0.0.0:*                          
udp6       0      0 [::]:57787              [::]:*                             
udp6       0      0 [::]:mdns               [::]:*                             

Virtual memory usage:0 %


Disk space usage: 
 Filesystem     Inodes IUsed IFree IUse% Mounted on
udev             1,2M   451  1,2M    1% /dev
tmpfs            1,2M   863  1,2M    1% /run
/dev/sda1        640K  189K  452K   30% /
tmpfs            1,2M     1  1,2M    1% /dev/shm
tmpfs            1,2M     5  1,2M    1% /run/lock
tmpfs            1,2M    18  1,2M    1% /sys/fs/cgroup
/dev/loop0        28K   28K     0  100% /snap/gnome-3-26-1604/59
/dev/loop1       1,8K  1,8K     0  100% /snap/gnome-logs/25
/dev/loop2        11K   11K     0  100% /snap/core18/1988
/dev/loop3        19K   19K     0  100% /snap/gnome-3-34-1804/66
/dev/loop4        401   401     0  100% /snap/gnome-logs/103
/dev/loop5       1,4K  1,4K     0  100% /snap/gnome-calculator/884
/dev/loop6       1,3K  1,3K     0  100% /snap/gnome-calculator/154
/dev/loop7        872   872     0  100% /snap/gnome-system-monitor/157
/dev/loop8        27K   27K     0  100% /snap/gnome-3-26-1604/100
/dev/loop9        230   230     0  100% /snap/gnome-characters/570
/dev/loop10       13K   13K     0  100% /snap/core/4486
/dev/loop11      1,6K  1,6K     0  100% /snap/gnome-characters/69
/dev/loop12       13K   13K     0  100% /snap/core/10859
/dev/loop13       669   669     0  100% /snap/gnome-system-monitor/36
/dev/loop14       63K   63K     0  100% /snap/gtk-common-themes/1514
tmpfs            1,2M    28  1,2M    1% /run/user/120
tmpfs            1,2M    34  1,2M    1% /run/user/1000

╰(°ㅂ°)╯ ╰(°ㅂ°)╯ ╰(°ㅂ°)╯ ╰(°ㅂ°)╯ ╰(°ㅂ°)╯ ╰(°ㅂ°)╯ ╰(°ㅂ°)╯ ╰(°ㅂ°)╯╰(°ㅂ°)╯ 
